<?xml version="1.0" encoding="UTF-8"?>
<testsuite xmlns:xsi="http://www.w3.org/2001/XMLSchema-instance" xsi:noNamespaceSchemaLocation="https://maven.apache.org/surefire/maven-surefire-plugin/xsd/surefire-test-report.xsd" name="com.epam.rd.autotasks.DecrementingCarouselRunRandomTest" time="0.239" tests="36" errors="0" skipped="0" failures="0">
  <properties>
    <property name="java.specification.version" value="17"/>
    <property name="sun.cpu.isalist" value="amd64"/>
    <property name="sun.jnu.encoding" value="Cp1251"/>
    <property name="java.class.path" value="D:\Training\epma\halving-carousel\target\test-classes;D:\Training\epma\halving-carousel\target\classes;C:\Users\Asus\.m2\repository\org\junit\jupiter\junit-jupiter\5.8.2\junit-jupiter-5.8.2.jar;C:\Users\Asus\.m2\repository\org\junit\jupiter\junit-jupiter-api\5.8.2\junit-jupiter-api-5.8.2.jar;C:\Users\Asus\.m2\repository\org\opentest4j\opentest4j\1.2.0\opentest4j-1.2.0.jar;C:\Users\Asus\.m2\repository\org\junit\platform\junit-platform-commons\1.8.2\junit-platform-commons-1.8.2.jar;C:\Users\Asus\.m2\repository\org\apiguardian\apiguardian-api\1.1.2\apiguardian-api-1.1.2.jar;C:\Users\Asus\.m2\repository\org\junit\jupiter\junit-jupiter-params\5.8.2\junit-jupiter-params-5.8.2.jar;C:\Users\Asus\.m2\repository\org\junit\jupiter\junit-jupiter-engine\5.8.2\junit-jupiter-engine-5.8.2.jar;C:\Users\Asus\.m2\repository\org\junit\platform\junit-platform-engine\1.8.2\junit-platform-engine-1.8.2.jar;"/>
    <property name="java.vm.vendor" value="Oracle Corporation"/>
    <property name="sun.arch.data.model" value="64"/>
    <property name="user.variant" value=""/>
    <property name="java.vendor.url" value="https://java.oracle.com/"/>
    <property name="user.timezone" value="Europe/Kiev"/>
    <property name="os.name" value="Windows 10"/>
    <property name="java.vm.specification.version" value="17"/>
    <property name="sun.java.launcher" value="SUN_STANDARD"/>
    <property name="user.country" value="RU"/>
    <property name="sun.boot.library.path" value="C:\Program Files\Java\jdk-17.0.3.1\bin"/>
    <property name="sun.java.command" value="C:\Users\Asus\AppData\Local\Temp\surefire10260590374122929619\surefirebooter16030104154088757671.jar C:\Users\Asus\AppData\Local\Temp\surefire10260590374122929619 2022-07-07T10-29-24_249-jvmRun1 surefire11597359286743616436tmp surefire_014649254761644171845tmp"/>
    <property name="jdk.debug" value="release"/>
    <property name="surefire.test.class.path" value="D:\Training\epma\halving-carousel\target\test-classes;D:\Training\epma\halving-carousel\target\classes;C:\Users\Asus\.m2\repository\org\junit\jupiter\junit-jupiter\5.8.2\junit-jupiter-5.8.2.jar;C:\Users\Asus\.m2\repository\org\junit\jupiter\junit-jupiter-api\5.8.2\junit-jupiter-api-5.8.2.jar;C:\Users\Asus\.m2\repository\org\opentest4j\opentest4j\1.2.0\opentest4j-1.2.0.jar;C:\Users\Asus\.m2\repository\org\junit\platform\junit-platform-commons\1.8.2\junit-platform-commons-1.8.2.jar;C:\Users\Asus\.m2\repository\org\apiguardian\apiguardian-api\1.1.2\apiguardian-api-1.1.2.jar;C:\Users\Asus\.m2\repository\org\junit\jupiter\junit-jupiter-params\5.8.2\junit-jupiter-params-5.8.2.jar;C:\Users\Asus\.m2\repository\org\junit\jupiter\junit-jupiter-engine\5.8.2\junit-jupiter-engine-5.8.2.jar;C:\Users\Asus\.m2\repository\org\junit\platform\junit-platform-engine\1.8.2\junit-platform-engine-1.8.2.jar;"/>
    <property name="sun.cpu.endian" value="little"/>
    <property name="user.home" value="C:\Users\Asus"/>
    <property name="user.language" value="ru"/>
    <property name="java.specification.vendor" value="Oracle Corporation"/>
    <property name="java.version.date" value="2022-04-22"/>
    <property name="java.home" value="C:\Program Files\Java\jdk-17.0.3.1"/>
    <property name="file.separator" value="\"/>
    <property name="basedir" value="D:\Training\epma\halving-carousel"/>
    <property name="java.vm.compressedOopsMode" value="32-bit"/>
    <property name="line.separator" value="&#10;"/>
    <property name="java.vm.specification.vendor" value="Oracle Corporation"/>
    <property name="java.specification.name" value="Java Platform API Specification"/>
    <property name="surefire.real.class.path" value="C:\Users\Asus\AppData\Local\Temp\surefire10260590374122929619\surefirebooter16030104154088757671.jar"/>
    <property name="user.script" value=""/>
    <property name="sun.management.compiler" value="HotSpot 64-Bit Tiered Compilers"/>
    <property name="java.runtime.version" value="17.0.3.1+2-LTS-6"/>
    <property name="user.name" value="Pavel"/>
    <property name="path.separator" value=";"/>
    <property name="os.version" value="10.0"/>
    <property name="java.runtime.name" value="Java(TM) SE Runtime Environment"/>
    <property name="file.encoding" value="Cp1251"/>
    <property name="java.vm.name" value="Java HotSpot(TM) 64-Bit Server VM"/>
    <property name="localRepository" value="C:\Users\Asus\.m2\repository"/>
    <property name="java.vendor.url.bug" value="https://bugreport.java.com/bugreport/"/>
    <property name="java.io.tmpdir" value="C:\Users\Asus\AppData\Local\Temp\"/>
    <property name="idea.version" value="2022.1.3"/>
    <property name="java.version" value="17.0.3.1"/>
    <property name="user.dir" value="D:\Training\epma\halving-carousel"/>
    <property name="os.arch" value="amd64"/>
    <property name="java.vm.specification.name" value="Java Virtual Machine Specification"/>
    <property name="sun.os.patch.level" value=""/>
    <property name="native.encoding" value="Cp1251"/>
    <property name="java.library.path" value="C:\Program Files\Java\jdk-17.0.3.1\bin;C:\WINDOWS\Sun\Java\bin;C:\WINDOWS\system32;C:\WINDOWS;C:\Program Files\Common Files\Oracle\Java\javapath;C:\Program Files (x86)\Common Files\Oracle\Java\javapath;C:\WINDOWS\system32;C:\WINDOWS;C:\WINDOWS\System32\Wbem;C:\WINDOWS\System32\WindowsPowerShell\v1.0\;C:\WINDOWS\System32\OpenSSH\;C:\Program Files\PuTTY\;D:\Program Files\Git\cmd;D:\apache-maven-3.8.6\bin;C:\Program Files\Java\jdk-17.0.3.1\bin;C:\Users\Asus\AppData\Local\Microsoft\WindowsApps;;."/>
    <property name="java.vm.info" value="mixed mode, sharing"/>
    <property name="java.vendor" value="Oracle Corporation"/>
    <property name="java.vm.version" value="17.0.3.1+2-LTS-6"/>
    <property name="sun.io.unicode.encoding" value="UnicodeLittle"/>
    <property name="java.class.version" value="61.0"/>
  </properties>
  <testcase name="testCarouselRunWhileNotNegative{String, int}[1]" classname="com.epam.rd.autotasks.DecrementingCarouselRunRandomTest" time="0.05"/>
  <testcase name="testCarouselRunWhileNotNegative{String, int}[2]" classname="com.epam.rd.autotasks.DecrementingCarouselRunRandomTest" time="0"/>
  <testcase name="testCarouselRunWhileNotNegative{String, int}[3]" classname="com.epam.rd.autotasks.DecrementingCarouselRunRandomTest" time="0.01"/>
  <testcase name="testCarouselRunWhileNotNegative{String, int}[4]" classname="com.epam.rd.autotasks.DecrementingCarouselRunRandomTest" time="0"/>
  <testcase name="testCarouselRunWhileNotNegative{String, int}[5]" classname="com.epam.rd.autotasks.DecrementingCarouselRunRandomTest" time="0"/>
  <testcase name="testCarouselRunWhileNotNegative{String, int}[6]" classname="com.epam.rd.autotasks.DecrementingCarouselRunRandomTest" time="0"/>
  <testcase name="testCarouselRunWhileNotNegative{String, int}[7]" classname="com.epam.rd.autotasks.DecrementingCarouselRunRandomTest" time="0"/>
  <testcase name="testCarouselRunWhileNotNegative{String, int}[8]" classname="com.epam.rd.autotasks.DecrementingCarouselRunRandomTest" time="0.01"/>
  <testcase name="testCarouselRunWhileNotNegative{String, int}[9]" classname="com.epam.rd.autotasks.DecrementingCarouselRunRandomTest" time="0.005"/>
  <testcase name="testCarouselRunWhileNotNegative{String, int}[10]" classname="com.epam.rd.autotasks.DecrementingCarouselRunRandomTest" time="0"/>
  <testcase name="testCarouselRunWhileNotNegative{String, int}[11]" classname="com.epam.rd.autotasks.DecrementingCarouselRunRandomTest" time="0"/>
  <testcase name="testCarouselRunWhileNotNegative{String, int}[12]" classname="com.epam.rd.autotasks.DecrementingCarouselRunRandomTest" time="0"/>
  <testcase name="testCarouselRunWhileNotNegative{String, int}[13]" classname="com.epam.rd.autotasks.DecrementingCarouselRunRandomTest" time="0.01"/>
  <testcase name="testCarouselRunWhileNotNegative{String, int}[14]" classname="com.epam.rd.autotasks.DecrementingCarouselRunRandomTest" time="0.005"/>
  <testcase name="testCarouselRunWhileNotNegative{String, int}[15]" classname="com.epam.rd.autotasks.DecrementingCarouselRunRandomTest" time="0.005"/>
  <testcase name="testCarouselRunWhileNotNegative{String, int}[16]" classname="com.epam.rd.autotasks.DecrementingCarouselRunRandomTest" time="0"/>
  <testcase name="testCarouselRunWhileNotNegative{String, int}[17]" classname="com.epam.rd.autotasks.DecrementingCarouselRunRandomTest" time="0.011"/>
  <testcase name="testCarouselRunWhileNotNegative{String, int}[18]" classname="com.epam.rd.autotasks.DecrementingCarouselRunRandomTest" time="0"/>
  <testcase name="testCarouselRunWhileNotFinished{String, int}[1]" classname="com.epam.rd.autotasks.DecrementingCarouselRunRandomTest" time="0.005"/>
  <testcase name="testCarouselRunWhileNotFinished{String, int}[2]" classname="com.epam.rd.autotasks.DecrementingCarouselRunRandomTest" time="0"/>
  <testcase name="testCarouselRunWhileNotFinished{String, int}[3]" classname="com.epam.rd.autotasks.DecrementingCarouselRunRandomTest" time="0.005"/>
  <testcase name="testCarouselRunWhileNotFinished{String, int}[4]" classname="com.epam.rd.autotasks.DecrementingCarouselRunRandomTest" time="0"/>
  <testcase name="testCarouselRunWhileNotFinished{String, int}[5]" classname="com.epam.rd.autotasks.DecrementingCarouselRunRandomTest" time="0"/>
  <testcase name="testCarouselRunWhileNotFinished{String, int}[6]" classname="com.epam.rd.autotasks.DecrementingCarouselRunRandomTest" time="0"/>
  <testcase name="testCarouselRunWhileNotFinished{String, int}[7]" classname="com.epam.rd.autotasks.DecrementingCarouselRunRandomTest" time="0.009"/>
  <testcase name="testCarouselRunWhileNotFinished{String, int}[8]" classname="com.epam.rd.autotasks.DecrementingCarouselRunRandomTest" time="0.005"/>
  <testcase name="testCarouselRunWhileNotFinished{String, int}[9]" classname="com.epam.rd.autotasks.DecrementingCarouselRunRandomTest" time="0.005"/>
  <testcase name="testCarouselRunWhileNotFinished{String, int}[10]" classname="com.epam.rd.autotasks.DecrementingCarouselRunRandomTest" time="0"/>
  <testcase name="testCarouselRunWhileNotFinished{String, int}[11]" classname="com.epam.rd.autotasks.DecrementingCarouselRunRandomTest" time="0"/>
  <testcase name="testCarouselRunWhileNotFinished{String, int}[12]" classname="com.epam.rd.autotasks.DecrementingCarouselRunRandomTest" time="0.005"/>
  <testcase name="testCarouselRunWhileNotFinished{String, int}[13]" classname="com.epam.rd.autotasks.DecrementingCarouselRunRandomTest" time="0"/>
  <testcase name="testCarouselRunWhileNotFinished{String, int}[14]" classname="com.epam.rd.autotasks.DecrementingCarouselRunRandomTest" time="0"/>
  <testcase name="testCarouselRunWhileNotFinished{String, int}[15]" classname="com.epam.rd.autotasks.DecrementingCarouselRunRandomTest" time="0"/>
  <testcase name="testCarouselRunWhileNotFinished{String, int}[16]" classname="com.epam.rd.autotasks.DecrementingCarouselRunRandomTest" time="0"/>
  <testcase name="testCarouselRunWhileNotFinished{String, int}[17]" classname="com.epam.rd.autotasks.DecrementingCarouselRunRandomTest" time="0"/>
  <testcase name="testCarouselRunWhileNotFinished{String, int}[18]" classname="com.epam.rd.autotasks.DecrementingCarouselRunRandomTest" time="0.01"/>
</testsuite>